

AI predicts tensor(91.7497)% gunshot, tensor(8.2503)% not a gunshot
Detected gun_shot
2022-04-10 20:54:28.993987


AI predicts tensor(91.7497)% gunshot, tensor(8.2503)% not a gunshot
Detected gun_shot
2022-04-10 20:54:28.294091


AI predicts tensor(91.7497)% gunshot, tensor(8.2503)% not a gunshot
Detected gun_shot
2022-04-10 20:59:15.710235


AI predicts tensor(91.7497)% gunshot, tensor(8.2503)% not a gunshot
Detected gun_shot
2022-04-10 21:07:35.989634


AI predicts tensor(91.7497)% gunshot, tensor(8.2503)% not a gunshot
Detected gun_shot
2022-04-10 21:13:12.203185


AI predicts tensor(91.7497)% gunshot, tensor(8.2503)% not a gunshot
Detected gun_shot
2022-04-10 21:16:16.619241


AI predicts tensor(91.7497)% gunshot, tensor(8.2503)% not a gunshot
Detected gun_shot
2022-04-10 21:16:48.940587


AI predicts tensor(91.7497)% gunshot, tensor(8.2503)% not a gunshot
Detected gun_shot
2022-04-10 21:20:45.817697


AI predicts tensor(91.7497)% gunshot, tensor(8.2503)% not a gunshot
Detected gun_shot
2022-04-10 21:22:44.327015


AI predicts tensor(91.7497)% gunshot, tensor(8.2503)% not a gunshot
Detected gun_shot
2022-04-10 21:22:44.719698


AI predicts tensor(99.9707)% gunshot, tensor(0.0293)% not a gunshot
Detected gun_shot
2022-04-10 21:22:45.296882


AI predicts tensor(99.9707)% gunshot, tensor(0.0293)% not a gunshot
Detected gun_shot
2022-04-10 21:22:45.543401


AI predicts tensor(91.7497)% gunshot, tensor(8.2503)% not a gunshot
Detected gun_shot
2022-04-10 21:22:46.489424


AI predicts tensor(99.9986)% gunshot, tensor(0.0014)% not a gunshot
Detected gun_shot
2022-04-10 21:22:47.312348


AI predicts tensor(99.9707)% gunshot, tensor(0.0293)% not a gunshot
Detected gun_shot
2022-04-10 21:22:47.852152


AI predicts tensor(91.7497)% gunshot, tensor(8.2503)% not a gunshot
Detected gun_shot
2022-04-10 21:22:48.316579


AI predicts tensor(91.7497)% gunshot, tensor(8.2503)% not a gunshot
Detected gun_shot
2022-04-10 21:22:52.559541


AI predicts tensor(99.9986)% gunshot, tensor(0.0014)% not a gunshot
Detected gun_shot
2022-04-10 21:22:52.821231


AI predicts tensor(88.7833)% gunshot, tensor(11.2167)% not a gunshot
Detected gun_shot
2022-04-10 21:22:53.356691


AI predicts tensor(99.9707)% gunshot, tensor(0.0293)% not a gunshot
Detected gun_shot
2022-04-10 21:22:53.427959


AI predicts tensor(99.9986)% gunshot, tensor(0.0014)% not a gunshot
Detected gun_shot
2022-04-10 21:22:55.649632


AI predicts tensor(91.7497)% gunshot, tensor(8.2503)% not a gunshot
Detected gun_shot
2022-04-10 21:22:55.914645


AI predicts tensor(88.7833)% gunshot, tensor(11.2167)% not a gunshot
Detected gun_shot
2022-04-10 21:22:56.715202


AI predicts tensor(99.9707)% gunshot, tensor(0.0293)% not a gunshot
Detected gun_shot
2022-04-10 21:22:56.869161


AI predicts tensor(98.5599)% gunshot, tensor(1.4401)% not a gunshot
Detected gun_shot
2022-04-10 21:22:57.386645


AI predicts tensor(99.9707)% gunshot, tensor(0.0293)% not a gunshot
Detected gun_shot
2022-04-10 21:26:51.314618


AI predicts tensor(99.9986)% gunshot, tensor(0.0014)% not a gunshot
Detected gun_shot
2022-04-10 21:26:55.999067


AI predicts tensor(98.5599)% gunshot, tensor(1.4401)% not a gunshot
Detected gun_shot
2022-04-10 21:26:57.623310


AI predicts tensor(88.7833)% gunshot, tensor(11.2167)% not a gunshot
Detected gun_shot
2022-04-10 21:27:01.052473


AI predicts tensor(91.7497)% gunshot, tensor(8.2503)% not a gunshot
Detected gun_shot
2022-04-10 21:27:01.472888


AI predicts tensor(98.5599)% gunshot, tensor(1.4401)% not a gunshot
Detected gun_shot
2022-04-10 21:27:09.676214


AI predicts tensor(88.7833)% gunshot, tensor(11.2167)% not a gunshot
Detected gun_shot
2022-04-10 21:27:14.046098


AI predicts tensor(91.7497)% gunshot, tensor(8.2503)% not a gunshot
Detected gun_shot
2022-04-10 21:27:14.657860


AI predicts tensor(99.9707)% gunshot, tensor(0.0293)% not a gunshot
Detected gun_shot
2022-04-10 21:27:16.605725


AI predicts tensor(99.9986)% gunshot, tensor(0.0014)% not a gunshot
Detected gun_shot
2022-04-10 21:27:17.844461


AI predicts tensor(88.7833)% gunshot, tensor(11.2167)% not a gunshot
Detected gun_shot
2022-04-10 21:28:01.721166


AI predicts tensor(91.7497)% gunshot, tensor(8.2503)% not a gunshot
Detected gun_shot
2022-04-10 21:28:04.767275


AI predicts tensor(99.9986)% gunshot, tensor(0.0014)% not a gunshot
Detected gun_shot
2022-04-10 21:28:07.848213


AI predicts tensor(99.9707)% gunshot, tensor(0.0293)% not a gunshot
Detected gun_shot
2022-04-10 21:28:09.043909


AI predicts tensor(98.5599)% gunshot, tensor(1.4401)% not a gunshot
Detected gun_shot
2022-04-10 21:28:11.091964


AI predicts tensor(99.9986)% gunshot, tensor(0.0014)% not a gunshot
Detected gun_shot
2022-04-10 21:45:14.381318,


AI predicts tensor(99.9707)% gunshot, tensor(0.0293)% not a gunshot
Detected gun_shot
2022-04-10 21:45:17.398231,


AI predicts tensor(98.5599)% gunshot, tensor(1.4401)% not a gunshot
Detected gun_shot
2022-04-10 21:45:19.834703,


AI predicts tensor(88.7833)% gunshot, tensor(11.2167)% not a gunshot
Detected gun_shot
2022-04-10 21:45:23.457016,


AI predicts tensor(91.7497)% gunshot, tensor(8.2503)% not a gunshot
Detected gun_shot
2022-04-10 21:45:24.836599,


AI predicts tensor(91.7497)% gunshot, tensor(8.2503)% not a gunshot
Detected gun_shot
2022-04-10 22:01:16.731475,


AI predicts tensor(99.9707)% gunshot, tensor(0.0293)% not a gunshot
Detected gun_shot
2022-04-10 22:01:19.663339,


AI predicts tensor(99.9986)% gunshot, tensor(0.0014)% not a gunshot
Detected gun_shot
2022-04-10 22:01:21.292060,


AI predicts tensor(98.5599)% gunshot, tensor(1.4401)% not a gunshot
Detected gun_shot
2022-04-10 22:01:23.361080,


AI predicts tensor(88.7833)% gunshot, tensor(11.2167)% not a gunshot
Detected gun_shot
2022-04-10 22:01:24.552668,


AI predicts tensor(88.7833)% gunshot, tensor(11.2167)% not a gunshot
Detected gun_shot
2022-04-10 22:13:05.505297,


AI predicts tensor(91.7497)% gunshot, tensor(8.2503)% not a gunshot
Detected gun_shot
2022-04-10 22:13:06.718115,


AI predicts tensor(99.9986)% gunshot, tensor(0.0014)% not a gunshot
Detected gun_shot
2022-04-10 22:13:08.027425,


AI predicts tensor(98.5599)% gunshot, tensor(1.4401)% not a gunshot
Detected gun_shot
2022-04-10 22:13:09.471712,


AI predicts tensor(99.9707)% gunshot, tensor(0.0293)% not a gunshot
Detected gun_shot
2022-04-10 22:13:10.656530,


AI predicts tensor(99.9986)% gunshot, tensor(0.0014)% not a gunshot
Detected gun_shot
2022-04-10 22:17:16.446334,


AI predicts tensor(99.9707)% gunshot, tensor(0.0293)% not a gunshot
Detected gun_shot
2022-04-10 22:17:17.869985,


AI predicts tensor(88.7833)% gunshot, tensor(11.2167)% not a gunshot
Detected gun_shot
2022-04-10 22:17:19.352054,


AI predicts tensor(98.5599)% gunshot, tensor(1.4401)% not a gunshot
Detected gun_shot
2022-04-10 22:17:20.692267,


AI predicts tensor(91.7497)% gunshot, tensor(8.2503)% not a gunshot
Detected gun_shot
2022-04-10 22:17:21.865830,


AI predicts tensor(100.)% gunshot, tensor(3.2356e-14)% not a gunshot
Detected gun_shot
2022-04-10 22:17:23.378305,


AI predicts tensor(91.7497)% gunshot, tensor(8.2503)% not a gunshot
Detected gun_shot
2022-04-10 22:18:59.578653,


AI predicts tensor(88.7833)% gunshot, tensor(11.2167)% not a gunshot
Detected gun_shot
2022-04-10 22:19:00.817800,


AI predicts tensor(98.5599)% gunshot, tensor(1.4401)% not a gunshot
Detected gun_shot
2022-04-10 22:19:02.166133,


AI predicts tensor(99.9707)% gunshot, tensor(0.0293)% not a gunshot
Detected gun_shot
2022-04-10 22:19:03.337046,


AI predicts tensor(99.9986)% gunshot, tensor(0.0014)% not a gunshot
Detected gun_shot
2022-04-10 22:19:04.564497,


AI predicts tensor(100.)% gunshot, tensor(3.2356e-14)% not a gunshot
Detected gun_shot
2022-04-10 22:19:05.934521,


AI predicts tensor(98.5599)% gunshot, tensor(1.4401)% not a gunshot
Detected gun_shot
2022-04-10 22:19:37.229892,


AI predicts tensor(99.9707)% gunshot, tensor(0.0293)% not a gunshot
Detected gun_shot
2022-04-10 22:19:38.439093,


AI predicts tensor(99.9986)% gunshot, tensor(0.0014)% not a gunshot
Detected gun_shot
2022-04-10 22:19:39.608572,


AI predicts tensor(100.)% gunshot, tensor(3.2356e-14)% not a gunshot
Detected gun_shot
2022-04-10 22:19:40.771267,


AI predicts tensor(91.7497)% gunshot, tensor(8.2503)% not a gunshot
Detected gun_shot
2022-04-10 22:19:43.323035,


AI predicts tensor(88.7833)% gunshot, tensor(11.2167)% not a gunshot
Detected gun_shot
2022-04-10 22:19:44.700145,


AI predicts tensor(98.5599)% gunshot, tensor(1.4401)% not a gunshot
Detected gun_shot
2022-04-10 22:22:15.655723,


AI predicts tensor(91.7497)% gunshot, tensor(8.2503)% not a gunshot
Detected gun_shot
2022-04-10 22:22:17.536454,


AI predicts tensor(100.)% gunshot, tensor(3.2356e-14)% not a gunshot
Detected gun_shot
2022-04-10 22:22:18.738869,


AI predicts tensor(99.9986)% gunshot, tensor(0.0014)% not a gunshot
Detected gun_shot
2022-04-10 22:22:20.127631,


AI predicts tensor(88.7833)% gunshot, tensor(11.2167)% not a gunshot
Detected gun_shot
2022-04-10 22:22:21.460136,


AI predicts tensor(99.9707)% gunshot, tensor(0.0293)% not a gunshot
Detected gun_shot
2022-04-10 22:22:23.202084,


AI predicts tensor(91.7497)% gunshot, tensor(8.2503)% not a gunshot
Detected gun_shot
2022-04-10 22:23:37.545949,


AI predicts tensor(100.)% gunshot, tensor(3.2356e-14)% not a gunshot
Detected gun_shot
2022-04-10 22:23:40.656663,


AI predicts tensor(99.9986)% gunshot, tensor(0.0014)% not a gunshot
Detected gun_shot
2022-04-10 22:23:45.919155,


AI predicts tensor(88.7833)% gunshot, tensor(11.2167)% not a gunshot
Detected gun_shot
2022-04-10 22:23:48.009688,


AI predicts tensor(98.5599)% gunshot, tensor(1.4401)% not a gunshot
Detected gun_shot
2022-04-10 22:23:52.838939,


AI predicts tensor(99.9707)% gunshot, tensor(0.0293)% not a gunshot
Detected gun_shot
2022-04-10 22:23:56.785242,


AI predicts tensor(98.5599)% gunshot, tensor(1.4401)% not a gunshot
Detected gun_shot
2022-04-10 22:24:28.917306,


AI predicts tensor(99.9707)% gunshot, tensor(0.0293)% not a gunshot
Detected gun_shot
2022-04-10 22:24:29.307826,


AI predicts tensor(99.9986)% gunshot, tensor(0.0014)% not a gunshot
Detected gun_shot
2022-04-10 22:24:30.358568,


AI predicts tensor(88.7833)% gunshot, tensor(11.2167)% not a gunshot
Detected gun_shot
2022-04-10 22:24:30.870602,


AI predicts tensor(91.7497)% gunshot, tensor(8.2503)% not a gunshot
Detected gun_shot
2022-04-10 22:24:33.098495,


AI predicts tensor(99.9986)% gunshot, tensor(0.0014)% not a gunshot
Detected gun_shot
2022-04-10 22:24:33.129377,


AI predicts tensor(88.7833)% gunshot, tensor(11.2167)% not a gunshot
Detected gun_shot
2022-04-10 22:24:36.371278,


AI predicts tensor(91.7497)% gunshot, tensor(8.2503)% not a gunshot
Detected gun_shot
2022-04-10 22:24:37.061113,


AI predicts tensor(100.)% gunshot, tensor(3.2356e-14)% not a gunshot
Detected gun_shot
2022-04-10 22:24:38.350246,


AI predicts tensor(99.9707)% gunshot, tensor(0.0293)% not a gunshot
Detected gun_shot
2022-04-10 22:24:37.697085,


AI predicts tensor(100.)% gunshot, tensor(1.3010e-09)% not a gunshot
Detected gun_shot
2022-04-10 22:24:39.935706,


AI predicts tensor(100.)% gunshot, tensor(1.3010e-09)% not a gunshot
Detected gun_shot
2022-04-10 22:24:40.145867,


AI predicts tensor(98.5599)% gunshot, tensor(1.4401)% not a gunshot
Detected gun_shot
2022-04-10 22:24:41.121970,


AI predicts tensor(100.)% gunshot, tensor(3.2356e-14)% not a gunshot
Detected gun_shot
2022-04-10 22:24:42.139389,


AI predicts tensor(99.9707)% gunshot, tensor(0.0293)% not a gunshot
Detected gun_shot
2022-04-10 22:25:36.940400,


AI predicts tensor(100.)% gunshot, tensor(3.2356e-14)% not a gunshot
Detected gun_shot
2022-04-10 22:25:37.747657,


AI predicts tensor(100.)% gunshot, tensor(3.2356e-14)% not a gunshot
Detected gun_shot
2022-04-10 22:25:38.523976,


AI predicts tensor(91.7497)% gunshot, tensor(8.2503)% not a gunshot
Detected gun_shot
2022-04-10 22:25:39.254396,


AI predicts tensor(99.9986)% gunshot, tensor(0.0014)% not a gunshot
Detected gun_shot
2022-04-10 22:25:39.958658,


AI predicts tensor(98.5599)% gunshot, tensor(1.4401)% not a gunshot
Detected gun_shot
2022-04-10 22:25:41.433811,


AI predicts tensor(98.5599)% gunshot, tensor(1.4401)% not a gunshot
Detected gun_shot
2022-04-10 22:25:40.754239,


AI predicts tensor(99.9986)% gunshot, tensor(0.0014)% not a gunshot
Detected gun_shot
2022-04-10 22:25:43.922275,


AI predicts tensor(91.7497)% gunshot, tensor(8.2503)% not a gunshot
Detected gun_shot
2022-04-10 22:25:43.573075,


AI predicts tensor(99.9707)% gunshot, tensor(0.0293)% not a gunshot
Detected gun_shot
2022-04-10 22:25:45.623502,


AI predicts tensor(100.)% gunshot, tensor(1.3010e-09)% not a gunshot
Detected gun_shot
2022-04-10 22:25:45.971142,


AI predicts tensor(100.)% gunshot, tensor(1.3010e-09)% not a gunshot
Detected gun_shot
2022-04-10 22:25:47.059287,


AI predicts tensor(88.7833)% gunshot, tensor(11.2167)% not a gunshot
Detected gun_shot
2022-04-10 22:25:47.516061,


AI predicts tensor(88.7833)% gunshot, tensor(11.2167)% not a gunshot
Detected gun_shot
2022-04-10 22:25:48.263656,


AI predicts tensor(88.7833)% gunshot, tensor(11.2167)% not a gunshot
Detected gun_shot
2022-04-10 22:26:54.834370,


AI predicts tensor(100.)% gunshot, tensor(1.3010e-09)% not a gunshot
Detected gun_shot
2022-04-10 22:26:54.930411,


AI predicts tensor(100.)% gunshot, tensor(1.3010e-09)% not a gunshot
Detected gun_shot
2022-04-10 22:26:56.267141,


AI predicts tensor(88.7833)% gunshot, tensor(11.2167)% not a gunshot
Detected gun_shot
2022-04-10 22:26:56.497810,


AI predicts tensor(98.5599)% gunshot, tensor(1.4401)% not a gunshot
Detected gun_shot
2022-04-10 22:26:59.011538,


AI predicts tensor(98.5599)% gunshot, tensor(1.4401)% not a gunshot
Detected gun_shot
2022-04-10 22:26:58.656120,


AI predicts tensor(91.7497)% gunshot, tensor(8.2503)% not a gunshot
Detected gun_shot
2022-04-10 22:27:00.470491,


AI predicts tensor(99.9707)% gunshot, tensor(0.0293)% not a gunshot
Detected gun_shot
2022-04-10 22:27:00.443248,


AI predicts tensor(99.9986)% gunshot, tensor(0.0014)% not a gunshot
Detected gun_shot
2022-04-10 22:27:01.940190,


AI predicts tensor(100.)% gunshot, tensor(3.2356e-14)% not a gunshot
Detected gun_shot
2022-04-10 22:27:02.176582,


AI predicts tensor(91.7497)% gunshot, tensor(8.2503)% not a gunshot
Detected gun_shot
2022-04-10 22:27:05.271433,


AI predicts tensor(99.9707)% gunshot, tensor(0.0293)% not a gunshot
Detected gun_shot
2022-04-10 22:27:05.130182,


AI predicts tensor(99.9986)% gunshot, tensor(0.0014)% not a gunshot
Detected gun_shot
2022-04-10 22:27:06.928225,


AI predicts tensor(100.)% gunshot, tensor(3.2356e-14)% not a gunshot
Detected gun_shot
2022-04-10 22:27:07.778131,


AI predicts tensor(91.7497)% gunshot, tensor(8.2503)% not a gunshot
Detected gun_shot
2022-04-10 22:27:47.848547,


AI predicts tensor(100.)% gunshot, tensor(3.2356e-14)% not a gunshot
Detected gun_shot
2022-04-10 22:27:49.773502,


AI predicts tensor(88.7833)% gunshot, tensor(11.2167)% not a gunshot
Detected gun_shot
2022-04-10 22:27:50.101874,


AI predicts tensor(100.)% gunshot, tensor(1.3010e-09)% not a gunshot
Detected gun_shot
2022-04-10 22:27:52.051693,


AI predicts tensor(99.9986)% gunshot, tensor(0.0014)% not a gunshot
Detected gun_shot
2022-04-10 22:27:51.863981,


AI predicts tensor(99.9707)% gunshot, tensor(0.0293)% not a gunshot
Detected gun_shot
2022-04-10 22:27:54.401374,


AI predicts tensor(88.7833)% gunshot, tensor(11.2167)% not a gunshot
Detected gun_shot
2022-04-10 22:27:54.844450,


AI predicts tensor(99.9986)% gunshot, tensor(0.0014)% not a gunshot
Detected gun_shot
2022-04-10 22:27:55.791221,


AI predicts tensor(98.5599)% gunshot, tensor(1.4401)% not a gunshot
Detected gun_shot
2022-04-10 22:27:56.782203,


AI predicts tensor(98.5599)% gunshot, tensor(1.4401)% not a gunshot
Detected gun_shot
2022-04-10 22:27:57.441812,


AI predicts tensor(100.)% gunshot, tensor(1.3010e-09)% not a gunshot
Detected gun_shot
2022-04-10 22:27:58.307048,


AI predicts tensor(91.7497)% gunshot, tensor(8.2503)% not a gunshot
Detected gun_shot
2022-04-10 22:27:59.416568,


AI predicts tensor(99.9707)% gunshot, tensor(0.0293)% not a gunshot
Detected gun_shot
2022-04-10 22:27:59.799187,


AI predicts tensor(100.)% gunshot, tensor(3.2356e-14)% not a gunshot
Detected gun_shot
2022-04-10 22:28:00.788465,


AI predicts tensor(91.7497)% gunshot, tensor(8.2503)% not a gunshot
Detected gun_shot
2022-04-10 22:31:22.412342,


AI predicts tensor(99.9986)% gunshot, tensor(0.0014)% not a gunshot
Detected gun_shot
2022-04-10 22:31:22.812765,


AI predicts tensor(88.7833)% gunshot, tensor(11.2167)% not a gunshot
Detected gun_shot
2022-04-10 22:31:23.838576,


AI predicts tensor(99.9707)% gunshot, tensor(0.0293)% not a gunshot
Detected gun_shot
2022-04-10 22:31:24.206158,


AI predicts tensor(99.9707)% gunshot, tensor(0.0293)% not a gunshot
Detected gun_shot
2022-04-10 22:31:25.176748,


AI predicts tensor(100.)% gunshot, tensor(3.2356e-14)% not a gunshot
Detected gun_shot
2022-04-10 22:31:26.907141,


AI predicts tensor(99.9986)% gunshot, tensor(0.0014)% not a gunshot
Detected gun_shot
2022-04-10 22:31:27.946428,


AI predicts tensor(98.5599)% gunshot, tensor(1.4401)% not a gunshot
Detected gun_shot
2022-04-10 22:31:28.175869,


AI predicts tensor(100.)% gunshot, tensor(1.3010e-09)% not a gunshot
Detected gun_shot
2022-04-10 22:31:29.175043,


AI predicts tensor(91.7497)% gunshot, tensor(8.2503)% not a gunshot
Detected gun_shot
2022-04-10 22:31:29.441549,


AI predicts tensor(98.5599)% gunshot, tensor(1.4401)% not a gunshot
Detected gun_shot
2022-04-10 22:31:30.437411,


AI predicts tensor(100.)% gunshot, tensor(1.3010e-09)% not a gunshot
Detected gun_shot
2022-04-10 22:31:30.870901,


AI predicts tensor(100.)% gunshot, tensor(3.2356e-14)% not a gunshot
Detected gun_shot
2022-04-10 22:31:31.704546,


AI predicts tensor(88.7833)% gunshot, tensor(11.2167)% not a gunshot
Detected gun_shot
2022-04-10 22:31:32.626784,


AI predicts tensor(98.5599)% gunshot, tensor(1.4401)% not a gunshot
Detected gun_shot
2022-04-10 22:34:26.403905,


AI predicts tensor(100.)% gunshot, tensor(1.3010e-09)% not a gunshot
Detected gun_shot
2022-04-10 22:34:26.709926,


AI predicts tensor(99.9986)% gunshot, tensor(0.0014)% not a gunshot
Detected gun_shot
2022-04-10 22:34:27.585315,


AI predicts tensor(99.9707)% gunshot, tensor(0.0293)% not a gunshot
Detected gun_shot
2022-04-10 22:34:27.888406,


AI predicts tensor(91.7497)% gunshot, tensor(8.2503)% not a gunshot
Detected gun_shot
2022-04-10 22:34:29.968766,


AI predicts tensor(100.)% gunshot, tensor(3.2356e-14)% not a gunshot
Detected gun_shot
2022-04-10 22:34:29.732734,


AI predicts tensor(98.5599)% gunshot, tensor(1.4401)% not a gunshot
Detected gun_shot
2022-04-10 22:34:31.854265,


AI predicts tensor(88.7833)% gunshot, tensor(11.2167)% not a gunshot
Detected gun_shot
2022-04-10 22:34:32.355652,


AI predicts tensor(88.7833)% gunshot, tensor(11.2167)% not a gunshot
Detected gun_shot
2022-04-10 22:34:33.202082,


AI predicts tensor(100.)% gunshot, tensor(1.3010e-09)% not a gunshot
Detected gun_shot
2022-04-10 22:34:33.666872,


AI predicts tensor(99.9986)% gunshot, tensor(0.0014)% not a gunshot
Detected gun_shot
2022-04-10 22:34:34.677035,


AI predicts tensor(91.7497)% gunshot, tensor(8.2503)% not a gunshot
Detected gun_shot
2022-04-10 22:34:35.443233,


AI predicts tensor(99.9707)% gunshot, tensor(0.0293)% not a gunshot
Detected gun_shot
2022-04-10 22:34:36.939940,


AI predicts tensor(100.)% gunshot, tensor(3.2356e-14)% not a gunshot
Detected gun_shot
2022-04-10 22:34:36.413111,


AI predicts tensor(99.9707)% gunshot, tensor(0.0293)% not a gunshot
Detected gun_shot
2022-04-10 22:47:50.339016,


AI predicts tensor(100.)% gunshot, tensor(1.3010e-09)% not a gunshot
Detected gun_shot
2022-04-10 22:47:56.696860,


AI predicts tensor(99.9986)% gunshot, tensor(0.0014)% not a gunshot
Detected gun_shot
2022-04-10 22:56:55.065449,


AI predicts tensor(99.9707)% gunshot, tensor(0.0293)% not a gunshot
Detected gun_shot
2022-04-10 22:56:57.203447,


AI predicts tensor(98.5599)% gunshot, tensor(1.4401)% not a gunshot
Detected gun_shot
2022-04-10 22:56:58.565243,


AI predicts tensor(91.7497)% gunshot, tensor(8.2503)% not a gunshot
Detected gun_shot
2022-04-10 22:57:00.500822,


AI predicts tensor(88.7833)% gunshot, tensor(11.2167)% not a gunshot
Detected gun_shot
2022-04-10 22:57:02.574486,


AI predicts tensor(100.)% gunshot, tensor(3.2356e-14)% not a gunshot
Detected gun_shot
2022-04-10 22:57:03.917155,


AI predicts tensor(100.)% gunshot, tensor(1.3010e-09)% not a gunshot
Detected gun_shot
2022-04-10 22:57:05.343689,


AI predicts tensor(100.)% gunshot, tensor(3.2356e-14)% not a gunshot
Detected gun_shot
2022-04-10 22:57:19.339521,


AI predicts tensor(98.5599)% gunshot, tensor(1.4401)% not a gunshot
Detected gun_shot
2022-04-10 22:57:20.616913,


AI predicts tensor(91.7497)% gunshot, tensor(8.2503)% not a gunshot
Detected gun_shot
2022-04-10 22:57:22.176216,


AI predicts tensor(100.)% gunshot, tensor(1.3010e-09)% not a gunshot
Detected gun_shot
2022-04-10 22:57:23.615261,


AI predicts tensor(99.9707)% gunshot, tensor(0.0293)% not a gunshot
Detected gun_shot
2022-04-10 22:57:24.815632,


AI predicts tensor(88.7833)% gunshot, tensor(11.2167)% not a gunshot
Detected gun_shot
2022-04-10 22:57:26.128770,


AI predicts tensor(99.9986)% gunshot, tensor(0.0014)% not a gunshot
Detected gun_shot
2022-04-10 22:57:27.359722,


AI predicts tensor(100.)% gunshot, tensor(3.2356e-14)% not a gunshot
Detected gun_shot
2022-04-10 23:10:04.273763,


AI predicts tensor(99.9707)% gunshot, tensor(0.0293)% not a gunshot
Detected gun_shot
2022-04-10 23:10:08.431292,


AI predicts tensor(98.5599)% gunshot, tensor(1.4401)% not a gunshot
Detected gun_shot
2022-04-10 23:10:11.359159,


AI predicts tensor(88.7833)% gunshot, tensor(11.2167)% not a gunshot
Detected gun_shot
2022-04-10 23:10:12.603994,


AI predicts tensor(100.)% gunshot, tensor(1.3010e-09)% not a gunshot
Detected gun_shot
2022-04-10 23:10:13.854456,


AI predicts tensor(91.7497)% gunshot, tensor(8.2503)% not a gunshot
Detected gun_shot
2022-04-10 23:10:15.149796,


AI predicts tensor(99.9986)% gunshot, tensor(0.0014)% not a gunshot
Detected gun_shot
2022-04-10 23:10:17.043235,


AI predicts tensor(99.9707)% gunshot, tensor(0.0293)% not a gunshot
Detected gun_shot
2022-04-11 00:12:21.090873,


AI predicts tensor(88.7833)% gunshot, tensor(11.2167)% not a gunshot
Detected gun_shot
2022-04-11 00:12:23.181444,


AI predicts tensor(99.9986)% gunshot, tensor(0.0014)% not a gunshot
Detected gun_shot
2022-04-11 00:12:24.481151,


AI predicts tensor(100.)% gunshot, tensor(3.2356e-14)% not a gunshot
Detected gun_shot
2022-04-11 00:12:26.170475,


AI predicts tensor(91.7497)% gunshot, tensor(8.2503)% not a gunshot
Detected gun_shot
2022-04-11 00:12:27.511590,


AI predicts tensor(98.5599)% gunshot, tensor(1.4401)% not a gunshot
Detected gun_shot
2022-04-11 00:12:29.164131,


AI predicts tensor(100.)% gunshot, tensor(1.3010e-09)% not a gunshot
Detected gun_shot
2022-04-11 00:12:30.885628,


AI predicts tensor(98.5599)% gunshot, tensor(1.4401)% not a gunshot
Detected gun_shot
2022-04-11 00:20:18.653560,


AI predicts tensor(99.9707)% gunshot, tensor(0.0293)% not a gunshot
Detected gun_shot
2022-04-11 00:20:20.741988,


AI predicts tensor(100.)% gunshot, tensor(1.3010e-09)% not a gunshot
Detected gun_shot
2022-04-11 00:20:22.214863,


AI predicts tensor(99.9986)% gunshot, tensor(0.0014)% not a gunshot
Detected gun_shot
2022-04-11 00:20:23.387309,


AI predicts tensor(88.7833)% gunshot, tensor(11.2167)% not a gunshot
Detected gun_shot
2022-04-11 00:20:25.012294,


AI predicts tensor(100.)% gunshot, tensor(3.2356e-14)% not a gunshot
Detected gun_shot
2022-04-11 00:20:26.599534,


AI predicts tensor(91.7497)% gunshot, tensor(8.2503)% not a gunshot
Detected gun_shot
2022-04-11 00:20:27.993237,


AI predicts tensor(99.9986)% gunshot, tensor(0.0014)% not a gunshot
Detected gun_shot
2022-04-11 00:43:10.680491,


AI predicts tensor(100.)% gunshot, tensor(1.3010e-09)% not a gunshot
Detected gun_shot
2022-04-11 00:43:12.221086,


AI predicts tensor(99.9707)% gunshot, tensor(0.0293)% not a gunshot
Detected gun_shot
2022-04-11 00:43:14.068391,


AI predicts tensor(91.7497)% gunshot, tensor(8.2503)% not a gunshot
Detected gun_shot
2022-04-11 00:43:16.563689,


AI predicts tensor(88.7833)% gunshot, tensor(11.2167)% not a gunshot
Detected gun_shot
2022-04-11 00:43:17.812824,


AI predicts tensor(98.5599)% gunshot, tensor(1.4401)% not a gunshot
Detected gun_shot
2022-04-11 00:43:19.011073,


AI predicts tensor(100.)% gunshot, tensor(3.2356e-14)% not a gunshot
Detected gun_shot
2022-04-11 00:43:20.510183,


AI predicts tensor(100.)% gunshot, tensor(3.2356e-14)% not a gunshot
Detected gun_shot
2022-04-11 00:46:30.318192,


AI predicts tensor(99.9707)% gunshot, tensor(0.0293)% not a gunshot
Detected gun_shot
2022-04-11 00:46:32.242884,


AI predicts tensor(98.5599)% gunshot, tensor(1.4401)% not a gunshot
Detected gun_shot
2022-04-11 00:46:33.548265,


AI predicts tensor(91.7497)% gunshot, tensor(8.2503)% not a gunshot
Detected gun_shot
2022-04-11 00:46:35.187056,


AI predicts tensor(71.3758)% gunshot, tensor(28.6242)% not a gunshot
Detected gun_shot
2022-04-11 00:46:36.922864,


AI predicts tensor(100.)% gunshot, tensor(1.3010e-09)% not a gunshot
Detected gun_shot
2022-04-11 00:46:38.157540,


AI predicts tensor(88.7833)% gunshot, tensor(11.2167)% not a gunshot
Detected gun_shot
2022-04-11 00:46:39.386957,


AI predicts tensor(99.9986)% gunshot, tensor(0.0014)% not a gunshot
Detected gun_shot
2022-04-11 00:46:40.823300,


AI predicts tensor(99.9986)% gunshot, tensor(0.0014)% not a gunshot
Detected gun_shot
2022-04-11 01:03:51.114185,


AI predicts tensor(71.3758)% gunshot, tensor(28.6242)% not a gunshot
Detected gun_shot
2022-04-11 01:03:52.705938,


AI predicts tensor(100.)% gunshot, tensor(1.3010e-09)% not a gunshot
Detected gun_shot
2022-04-11 01:03:54.213845,


AI predicts tensor(91.7497)% gunshot, tensor(8.2503)% not a gunshot
Detected gun_shot
2022-04-11 01:03:56.332200,


AI predicts tensor(100.)% gunshot, tensor(3.2356e-14)% not a gunshot
Detected gun_shot
2022-04-11 01:03:57.843315,


AI predicts tensor(88.7833)% gunshot, tensor(11.2167)% not a gunshot
Detected gun_shot
2022-04-11 01:03:59.082670,


AI predicts tensor(99.9707)% gunshot, tensor(0.0293)% not a gunshot
Detected gun_shot
2022-04-11 01:04:00.317774,


AI predicts tensor(98.5599)% gunshot, tensor(1.4401)% not a gunshot
Detected gun_shot
2022-04-11 01:04:01.485497,


AI predicts tensor(99.9986)% gunshot, tensor(0.0014)% not a gunshot
Detected gun_shot
2022-04-11 01:05:16.783779,


AI predicts tensor(100.)% gunshot, tensor(3.2356e-14)% not a gunshot
Detected gun_shot
2022-04-11 01:05:18.411798,


AI predicts tensor(71.3758)% gunshot, tensor(28.6242)% not a gunshot
Detected gun_shot
2022-04-11 01:05:19.668270,


AI predicts tensor(98.5599)% gunshot, tensor(1.4401)% not a gunshot
Detected gun_shot
2022-04-11 01:05:20.883492,


AI predicts tensor(88.7833)% gunshot, tensor(11.2167)% not a gunshot
Detected gun_shot
2022-04-11 01:05:22.111121,


AI predicts tensor(99.9707)% gunshot, tensor(0.0293)% not a gunshot
Detected gun_shot
2022-04-11 01:05:23.362604,


AI predicts tensor(91.7497)% gunshot, tensor(8.2503)% not a gunshot
Detected gun_shot
2022-04-11 01:05:24.696346,


AI predicts tensor(100.)% gunshot, tensor(1.3010e-09)% not a gunshot
Detected gun_shot
2022-04-11 01:05:26.140931,


AI predicts tensor(99.9251)% gunshot, tensor(0.0749)% not a gunshot
Detected gun_shot
2022-04-11 01:05:31.259928,


AI predicts tensor(100.)% gunshot, tensor(1.3010e-09)% not a gunshot
Detected gun_shot
2022-04-11 01:05:32.787843,


AI predicts tensor(91.7497)% gunshot, tensor(8.2503)% not a gunshot
Detected gun_shot
2022-04-11 01:05:34.131866,


AI predicts tensor(88.7833)% gunshot, tensor(11.2167)% not a gunshot
Detected gun_shot
2022-04-11 01:05:35.340529,


AI predicts tensor(99.9707)% gunshot, tensor(0.0293)% not a gunshot
Detected gun_shot
2022-04-11 01:05:36.622237,


AI predicts tensor(98.5599)% gunshot, tensor(1.4401)% not a gunshot
Detected gun_shot
2022-04-11 01:05:37.915964,


AI predicts tensor(100.)% gunshot, tensor(3.2356e-14)% not a gunshot
Detected gun_shot
2022-04-11 01:05:39.195686,


AI predicts tensor(99.9986)% gunshot, tensor(0.0014)% not a gunshot
Detected gun_shot
2022-04-11 01:05:41.486914,


AI predicts tensor(71.3758)% gunshot, tensor(28.6242)% not a gunshot
Detected gun_shot
2022-04-11 01:05:42.840767,


AI predicts tensor(91.7497)% gunshot, tensor(8.2503)% not a gunshot
Detected gun_shot
2022-04-11 01:05:44.329214,


AI predicts tensor(100.)% gunshot, tensor(1.3010e-09)% not a gunshot
Detected gun_shot
2022-04-11 01:05:46.387754,


AI predicts tensor(100.)% gunshot, tensor(3.2356e-14)% not a gunshot
Detected gun_shot
2022-04-11 01:05:47.651358,


AI predicts tensor(99.9986)% gunshot, tensor(0.0014)% not a gunshot
Detected gun_shot
2022-04-11 01:05:48.896877,


AI predicts tensor(98.5599)% gunshot, tensor(1.4401)% not a gunshot
Detected gun_shot
2022-04-11 01:05:50.329721,


AI predicts tensor(71.3758)% gunshot, tensor(28.6242)% not a gunshot
Detected gun_shot
2022-04-11 01:05:51.955158,


AI predicts tensor(88.7833)% gunshot, tensor(11.2167)% not a gunshot
Detected gun_shot
2022-04-11 01:05:53.281566,


AI predicts tensor(99.7666)% gunshot, tensor(0.2334)% not a gunshot
Detected gun_shot
2022-04-11 01:05:54.727237,


AI predicts tensor(99.9707)% gunshot, tensor(0.0293)% not a gunshot
Detected gun_shot
2022-04-11 01:05:56.717936,


AI predicts tensor(99.9251)% gunshot, tensor(0.0749)% not a gunshot
Detected gun_shot
2022-04-11 01:05:57.990690,

